====  sourceConfig  ====
host:192.168.30.148
port:3306
username:'root'
password:'root'
dataSourceEnum:MYSQL
databasename:test_db
url:jdbc:mysql://192.168.30.148:3306/test_db?useSSL=false

====  cloneConfig  ====
host:192.168.30.155
port:5432
username:'postgres'
password:''
dataSourceEnum:POSTGRES
databasename:test_db
url:jdbc:postgresql://192.168.30.155:5432/test_db


(1).Read to initialization table in POSTGRES ,from MYSQL.numeric_types_mysql

	(1.1).get 'numeric_types_mysql' info from MYSQL
	----get sourceTable info total time spent:390

DataSourceType:MYSQL
CatalogName:def
SchemaName:test_db
TableName:numeric_types_mysql
========== columns info =============
ColumnName=myinteger            DataType=int(11)              Position=1    CharMaxLength=0          NumericPrecisionM=10   NumericPrecisionD=0    DatetimePrecision=0    tableCLoneManageType=INT32
ColumnName=mysmallint           DataType=smallint(6)          Position=2    CharMaxLength=0          NumericPrecisionM=5    NumericPrecisionD=0    DatetimePrecision=0    tableCLoneManageType=INT16
ColumnName=mydecimal            DataType=decimal(65,30)       Position=3    CharMaxLength=0          NumericPrecisionM=65   NumericPrecisionD=30   DatetimePrecision=0    tableCLoneManageType=DECIMAL
ColumnName=mynumeric            DataType=decimal(65,30)       Position=4    CharMaxLength=0          NumericPrecisionM=65   NumericPrecisionD=30   DatetimePrecision=0    tableCLoneManageType=DECIMAL
ColumnName=myfloat              DataType=float                Position=5    CharMaxLength=0          NumericPrecisionM=12   NumericPrecisionD=0    DatetimePrecision=0    tableCLoneManageType=FLOAT64
ColumnName=myreal               DataType=double               Position=6    CharMaxLength=0          NumericPrecisionM=22   NumericPrecisionD=0    DatetimePrecision=0    tableCLoneManageType=FLOAT64
ColumnName=mydouble_percision   DataType=double               Position=7    CharMaxLength=0          NumericPrecisionM=22   NumericPrecisionD=0    DatetimePrecision=0    tableCLoneManageType=FLOAT64
ColumnName=myint                DataType=int(11)              Position=8    CharMaxLength=0          NumericPrecisionM=10   NumericPrecisionD=0    DatetimePrecision=0    tableCLoneManageType=INT32
ColumnName=mydec                DataType=decimal(65,30)       Position=9    CharMaxLength=0          NumericPrecisionM=65   NumericPrecisionD=30   DatetimePrecision=0    tableCLoneManageType=DECIMAL
ColumnName=myfixed              DataType=decimal(65,30)       Position=10   CharMaxLength=0          NumericPrecisionM=65   NumericPrecisionD=30   DatetimePrecision=0    tableCLoneManageType=DECIMAL
ColumnName=mydouble             DataType=double               Position=11   CharMaxLength=0          NumericPrecisionM=22   NumericPrecisionD=0    DatetimePrecision=0    tableCLoneManageType=FLOAT64
ColumnName=mybit                DataType=bit(1)               Position=12   CharMaxLength=0          NumericPrecisionM=1    NumericPrecisionD=0    DatetimePrecision=0    tableCLoneManageType=BYTES
ColumnName=mytinyint            DataType=tinyint(4)           Position=13   CharMaxLength=0          NumericPrecisionM=3    NumericPrecisionD=0    DatetimePrecision=0    tableCLoneManageType=INT16
ColumnName=mymediumint          DataType=mediumint(9)         Position=14   CharMaxLength=0          NumericPrecisionM=7    NumericPrecisionD=0    DatetimePrecision=0    tableCLoneManageType=INT32
ColumnName=mybigint             DataType=bigint(20)           Position=15   CharMaxLength=0          NumericPrecisionM=19   NumericPrecisionD=0    DatetimePrecision=0    tableCLoneManageType=INT64
ColumnName=mybool               DataType=tinyint(1)           Position=16   CharMaxLength=0          NumericPrecisionM=3    NumericPrecisionD=0    DatetimePrecision=0    tableCLoneManageType=BOOLEAN
ColumnName=myboolean            DataType=tinyint(1)           Position=17   CharMaxLength=0          NumericPrecisionM=3    NumericPrecisionD=0    DatetimePrecision=0    tableCLoneManageType=BOOLEAN

	(1.2).create 'numeric_types_m2p_clone' in POSTGRES
Create Table If Not Exists numeric_types_mysql_8314024_temp(
myinteger LONGTEXT
,mysmallint LONGTEXT
,mydecimal LONGTEXT
,mynumeric LONGTEXT
,myfloat LONGTEXT
,myreal LONGTEXT
,mydouble_percision LONGTEXT
,myint LONGTEXT
,mydec LONGTEXT
,myfixed LONGTEXT
,mydouble LONGTEXT
,mybit LONGTEXT
,mytinyint LONGTEXT
,mymediumint LONGTEXT
,mybigint LONGTEXT
,mybool LONGTEXT
,myboolean LONGTEXT
)Engine InnoDB;
Create Table If Not Exists numeric_types_m2p_clone(
myinteger INT
,mysmallint SMALLINT
,mydecimal DECIMAL
,mynumeric DECIMAL
,myfloat DOUBLE PRECISION
,myreal DOUBLE PRECISION
,mydouble_percision DOUBLE PRECISION
,myint INT
,mydec DECIMAL
,myfixed DECIMAL
,mydouble DOUBLE PRECISION
,mybit BYTEA
,mytinyint SMALLINT
,mymediumint INT
,mybigint BIGINT
,mybool BOOLEAN
,myboolean BOOLEAN
);
	----create table total time spent:992

DataSourceType:POSTGRES
CatalogName:null
SchemaName:null
TableName:numeric_types_m2p_clone
========== columns info =============
ColumnName=myinteger            DataType=INT                  Position=1    CharMaxLength=0          NumericPrecisionM=10   NumericPrecisionD=0    DatetimePrecision=0    tableCLoneManageType=INT32
ColumnName=mysmallint           DataType=SMALLINT             Position=2    CharMaxLength=0          NumericPrecisionM=5    NumericPrecisionD=0    DatetimePrecision=0    tableCLoneManageType=INT16
ColumnName=mydecimal            DataType=DECIMAL              Position=3    CharMaxLength=0          NumericPrecisionM=65   NumericPrecisionD=30   DatetimePrecision=0    tableCLoneManageType=DECIMAL
ColumnName=mynumeric            DataType=DECIMAL              Position=4    CharMaxLength=0          NumericPrecisionM=65   NumericPrecisionD=30   DatetimePrecision=0    tableCLoneManageType=DECIMAL
ColumnName=myfloat              DataType=DOUBLE PRECISION     Position=5    CharMaxLength=0          NumericPrecisionM=12   NumericPrecisionD=0    DatetimePrecision=0    tableCLoneManageType=FLOAT64
ColumnName=myreal               DataType=DOUBLE PRECISION     Position=6    CharMaxLength=0          NumericPrecisionM=22   NumericPrecisionD=0    DatetimePrecision=0    tableCLoneManageType=FLOAT64
ColumnName=mydouble_percision   DataType=DOUBLE PRECISION     Position=7    CharMaxLength=0          NumericPrecisionM=22   NumericPrecisionD=0    DatetimePrecision=0    tableCLoneManageType=FLOAT64
ColumnName=myint                DataType=INT                  Position=8    CharMaxLength=0          NumericPrecisionM=10   NumericPrecisionD=0    DatetimePrecision=0    tableCLoneManageType=INT32
ColumnName=mydec                DataType=DECIMAL              Position=9    CharMaxLength=0          NumericPrecisionM=65   NumericPrecisionD=30   DatetimePrecision=0    tableCLoneManageType=DECIMAL
ColumnName=myfixed              DataType=DECIMAL              Position=10   CharMaxLength=0          NumericPrecisionM=65   NumericPrecisionD=30   DatetimePrecision=0    tableCLoneManageType=DECIMAL
ColumnName=mydouble             DataType=DOUBLE PRECISION     Position=11   CharMaxLength=0          NumericPrecisionM=22   NumericPrecisionD=0    DatetimePrecision=0    tableCLoneManageType=FLOAT64
ColumnName=mybit                DataType=BYTEA                Position=12   CharMaxLength=0          NumericPrecisionM=1    NumericPrecisionD=0    DatetimePrecision=0    tableCLoneManageType=BYTES
ColumnName=mytinyint            DataType=SMALLINT             Position=13   CharMaxLength=0          NumericPrecisionM=3    NumericPrecisionD=0    DatetimePrecision=0    tableCLoneManageType=INT16
ColumnName=mymediumint          DataType=INT                  Position=14   CharMaxLength=0          NumericPrecisionM=7    NumericPrecisionD=0    DatetimePrecision=0    tableCLoneManageType=INT32
ColumnName=mybigint             DataType=BIGINT               Position=15   CharMaxLength=0          NumericPrecisionM=19   NumericPrecisionD=0    DatetimePrecision=0    tableCLoneManageType=INT64
ColumnName=mybool               DataType=BOOLEAN              Position=16   CharMaxLength=0          NumericPrecisionM=3    NumericPrecisionD=0    DatetimePrecision=0    tableCLoneManageType=BOOLEAN
ColumnName=myboolean            DataType=BOOLEAN              Position=17   CharMaxLength=0          NumericPrecisionM=3    NumericPrecisionD=0    DatetimePrecision=0    tableCLoneManageType=BOOLEAN
----initialization table success !!!


(2).Read to Sync table data, export MYSQL.numeric_types_mysql ,load to POSTGRES.numeric_types_m2p_clone

	  Excuet Shell : ./TCM-Temp/Export_from_MYSQL_numeric_types_mysql_8314024_temp.sh
	 Shell Out:mysql: [Warning] Using a password on the command line interface can be insecure.
	 Shell Out:[33mWARNING: [0mUsing a password on the command line interface can be insecure.
	 Shell Out:Gathering information...
	 Shell Out:Preparing data dump for table `test_db`.`numeric_types_mysql_8314024_temp`
	 Shell Out:Data dump for table `test_db`.`numeric_types_mysql_8314024_temp` will not use an index
	 Shell Out:Running data dump using 1 thread.
	 Shell Out:Data dump for table `test_db`.`numeric_types_mysql_8314024_temp` will be written to 1 file
	 Shell Out:Duration: 00:00:00s
	 Shell Out:Data size: 486 bytes
	 Shell Out:Rows written: 2
	 Shell Out:Bytes written: 486 bytes
	 Shell Out:Average throughput: 486.00 B/s
	 Shell Out:
	 Shell Out:The dump can be loaded using:
	 Shell Out:util.importTable("./TCM-Temp/MYSQL_to_POSTGRES_numeric_types_m2p_clone.csv", {
	 Shell Out:    "characterSet": "utf8mb4",
	 Shell Out:    "fieldsTerminatedBy": ",",
	 Shell Out:    "linesTerminatedBy": "\n",
	 Shell Out:    "schema": "test_db",
	 Shell Out:    "table": "numeric_types_mysql_8314024_temp"
	 Shell Out:})
	 Shell Out:mysql: [Warning] Using a password on the command line interface can be insecure.
	----export table data total time spent:509

	  Excuet Shell : ./TCM-Temp/Load_to_POSTGRES_numeric_types_m2p_clone.sh
	 Shell Out:COPY 2
	----load table data total time spent:32

----Sync the table success !!!!
Mapping Table and Syncing TableData table time:1923
