====  sourceConfig  ====
host:192.168.30.155
port:5432
username:'postgres'
password:''
dataSourceType:POSTGRES
databasename:test_db
url:jdbc:postgresql://192.168.30.155:5432/test_db

====  cloneConfig  ====
host:192.168.30.148
port:3306
username:'root'
password:'root'
dataSourceType:MYSQL
databasename:test_db
url:jdbc:mysql://192.168.30.148:3306/test_db?useSSL=false


(1).Read to initialization table in MYSQL ,from POSTGRES.uuid_types_pgsql

	(1.1).get 'uuid_types_pgsql' info from POSTGRES
	----get sourceTable info total time spent:234

DataSourceType:POSTGRES
CatalogName:test_db
SchemaName:public
TableName:uuid_types_pgsql
========== columns info =============
ColumnName=pguuid               DataType=uuid                 Position=1    CharMaxLength=255        NumericPrecisionM=0    NumericPrecisionD=0    DatetimePrecision=0    tableCLoneManageType=STRING

	(1.2).create 'uuid_types_pgsql_p2m' in MYSQL
Create Table If Not Exists uuid_types_pgsql_p2m(
pguuid VARCHAR(255)
);
	----create table total time spent:763

DataSourceType:MYSQL
CatalogName:null
SchemaName:null
TableName:uuid_types_pgsql_p2m
========== columns info =============
ColumnName=pguuid               DataType=VARCHAR              Position=1    CharMaxLength=255        NumericPrecisionM=0    NumericPrecisionD=0    DatetimePrecision=0    tableCLoneManageType=STRING
----initialization table success !!!


(2).Read to Sync table data, export POSTGRES.uuid_types_pgsql ,load to MYSQL.uuid_types_pgsql_p2m

	  Excuet Shell : ./TCM-Temp/Export_from_POSTGRES_uuid_types_pgsql.sh
	 Shell Out:COPY 6
	----export table data total time spent:22

	  Excuet Shell : ./TCM-Temp/Load_to_MYSQL_uuid_types_pgsql_p2m.sh
	 Shell Out:mysql: [Warning] Using a password on the command line interface can be insecure.
	----load table data total time spent:129

----Sync the table success !!!!
Mapping Table and Syncing TableData table time:1148
