====  sourceConfig  ====
host:192.168.30.155
port:5432
username:'postgres'
password:''
dataSourceEnum:POSTGRES
databasename:test_db
url:jdbc:postgresql://192.168.30.155:5432/test_db

====  cloneConfig  ====
host:192.168.30.155
port:5432
username:'postgres'
password:''
dataSourceEnum:POSTGRES
databasename:test_db
url:jdbc:postgresql://192.168.30.155:5432/test_db


(1).Read to initialization table in POSTGRES ,from POSTGRES.numeric_types_pgsql

	(1.1).get 'numeric_types_pgsql' info from POSTGRES
	----get sourceTable info total time spent:275

DataSourceType:POSTGRES
CatalogName:test_db
SchemaName:public
TableName:numeric_types_pgsql
========== columns info =============
ColumnName=pgsmallint           DataType=smallint             Position=1    CharMaxLength=0          NumericPrecisionM=16   NumericPrecisionD=0    DatetimePrecision=0    tableCLoneManageType=INT16
ColumnName=pginteger            DataType=integer              Position=2    CharMaxLength=0          NumericPrecisionM=32   NumericPrecisionD=0    DatetimePrecision=0    tableCLoneManageType=INT32
ColumnName=pgbigint             DataType=bigint               Position=3    CharMaxLength=0          NumericPrecisionM=64   NumericPrecisionD=0    DatetimePrecision=0    tableCLoneManageType=INT64
ColumnName=pgdecimal            DataType=numeric              Position=4    CharMaxLength=0          NumericPrecisionM=0    NumericPrecisionD=0    DatetimePrecision=0    tableCLoneManageType=DECIMAL
ColumnName=pgnumeric            DataType=numeric              Position=5    CharMaxLength=0          NumericPrecisionM=0    NumericPrecisionD=0    DatetimePrecision=0    tableCLoneManageType=DECIMAL
ColumnName=pgreal               DataType=real                 Position=6    CharMaxLength=0          NumericPrecisionM=24   NumericPrecisionD=0    DatetimePrecision=0    tableCLoneManageType=FLOAT32
ColumnName=pgdouble_precision   DataType=double precision     Position=7    CharMaxLength=0          NumericPrecisionM=53   NumericPrecisionD=0    DatetimePrecision=0    tableCLoneManageType=FLOAT64
ColumnName=pgsmallserial        DataType=smallint             Position=8    CharMaxLength=0          NumericPrecisionM=16   NumericPrecisionD=0    DatetimePrecision=0    tableCLoneManageType=INT16
ColumnName=pgserial             DataType=integer              Position=9    CharMaxLength=0          NumericPrecisionM=32   NumericPrecisionD=0    DatetimePrecision=0    tableCLoneManageType=INT32
ColumnName=pgbigserial          DataType=bigint               Position=10   CharMaxLength=0          NumericPrecisionM=64   NumericPrecisionD=0    DatetimePrecision=0    tableCLoneManageType=INT64

	(1.2).create 'numeric_types_pgsql_p2p' in POSTGRES
Create Table If Not Exists numeric_types_pgsql_p2p(
pgsmallint smallint
,pginteger integer
,pgbigint bigint
,pgdecimal numeric
,pgnumeric numeric
,pgreal real
,pgdouble_precision double precision
,pgsmallserial smallint NOT NULL
,pgserial integer NOT NULL
,pgbigserial bigint NOT NULL
);
	----create table total time spent:264

DataSourceType:POSTGRES
CatalogName:null
SchemaName:null
TableName:numeric_types_pgsql_p2p
========== columns info =============
ColumnName=pgsmallint           DataType=smallint             Position=1    CharMaxLength=0          NumericPrecisionM=16   NumericPrecisionD=0    DatetimePrecision=0    tableCLoneManageType=INT16
ColumnName=pginteger            DataType=integer              Position=2    CharMaxLength=0          NumericPrecisionM=32   NumericPrecisionD=0    DatetimePrecision=0    tableCLoneManageType=INT32
ColumnName=pgbigint             DataType=bigint               Position=3    CharMaxLength=0          NumericPrecisionM=64   NumericPrecisionD=0    DatetimePrecision=0    tableCLoneManageType=INT64
ColumnName=pgdecimal            DataType=numeric              Position=4    CharMaxLength=0          NumericPrecisionM=0    NumericPrecisionD=0    DatetimePrecision=0    tableCLoneManageType=DECIMAL
ColumnName=pgnumeric            DataType=numeric              Position=5    CharMaxLength=0          NumericPrecisionM=0    NumericPrecisionD=0    DatetimePrecision=0    tableCLoneManageType=DECIMAL
ColumnName=pgreal               DataType=real                 Position=6    CharMaxLength=0          NumericPrecisionM=24   NumericPrecisionD=0    DatetimePrecision=0    tableCLoneManageType=FLOAT32
ColumnName=pgdouble_precision   DataType=double precision     Position=7    CharMaxLength=0          NumericPrecisionM=53   NumericPrecisionD=0    DatetimePrecision=0    tableCLoneManageType=FLOAT64
ColumnName=pgsmallserial        DataType=smallint             Position=8    CharMaxLength=0          NumericPrecisionM=16   NumericPrecisionD=0    DatetimePrecision=0    tableCLoneManageType=INT16
ColumnName=pgserial             DataType=integer              Position=9    CharMaxLength=0          NumericPrecisionM=32   NumericPrecisionD=0    DatetimePrecision=0    tableCLoneManageType=INT32
ColumnName=pgbigserial          DataType=bigint               Position=10   CharMaxLength=0          NumericPrecisionM=64   NumericPrecisionD=0    DatetimePrecision=0    tableCLoneManageType=INT64
----initialization table success !!!


(2).Read to Sync table data, export POSTGRES.numeric_types_pgsql ,load to POSTGRES.numeric_types_pgsql_p2p

	  Excuet Shell : ./TCM-Temp/Export_from_POSTGRES_numeric_types_pgsql.sh
	 Shell Out:COPY 2
	----export table data total time spent:22

	  Excuet Shell : ./TCM-Temp/Load_to_POSTGRES_numeric_types_pgsql_p2p.sh
	 Shell Out:COPY 2
	----load table data total time spent:16

----Sync the table success !!!!
Mapping Table and Syncing TableData table time:577
