====  sourceConfig  ====
host:192.168.30.155
port:5432
username:'postgres'
password:''
dataSourceEnum:POSTGRES
databasename:test_db
url:jdbc:postgresql://192.168.30.155:5432/test_db

====  cloneConfig  ====
host:192.168.30.155
port:5432
username:'postgres'
password:''
dataSourceEnum:POSTGRES
databasename:test_db
url:jdbc:postgresql://192.168.30.155:5432/test_db


(1).Read to initialization table in POSTGRES ,from POSTGRES.uuid_types_pgsql

	(1.1).get 'uuid_types_pgsql' info from POSTGRES
	----get sourceTable info total time spent:230

DataSourceType:POSTGRES
CatalogName:test_db
SchemaName:public
TableName:uuid_types_pgsql
========== columns info =============
ColumnName=pguuid               DataType=uuid                 Position=1    CharMaxLength=255        NumericPrecisionM=0    NumericPrecisionD=0    DatetimePrecision=0    tableCLoneManageType=STRING

	(1.2).create 'uuid_types_pgsql_p2p' in POSTGRES
Create Table If Not Exists uuid_types_pgsql_p2p(
pguuid uuid
);
	----create table total time spent:48

DataSourceType:POSTGRES
CatalogName:null
SchemaName:null
TableName:uuid_types_pgsql_p2p
========== columns info =============
ColumnName=pguuid               DataType=uuid                 Position=1    CharMaxLength=255        NumericPrecisionM=0    NumericPrecisionD=0    DatetimePrecision=0    tableCLoneManageType=STRING
----initialization table success !!!


(2).Read to Sync table data, export POSTGRES.uuid_types_pgsql ,load to POSTGRES.uuid_types_pgsql_p2p

	  Excuet Shell : ./TCM-Temp/Export_from_POSTGRES_uuid_types_pgsql.sh
	 Shell Out:COPY 6
	----export table data total time spent:19

	  Excuet Shell : ./TCM-Temp/Load_to_POSTGRES_uuid_types_pgsql_p2p.sh
	 Shell Out:COPY 6
	----load table data total time spent:14

----Sync the table success !!!!
Mapping Table and Syncing TableData table time:311
