====  sourceConfig  ====
host:192.168.30.148
port:3306
username:'root'
password:'root'
dataSourceEnum:MYSQL
databasename:test_db
url:jdbc:mysql://192.168.30.148:3306/test_db?useSSL=false

====  cloneConfig  ====
host:192.168.30.155
port:5432
username:'postgres'
password:''
dataSourceEnum:POSTGRES
databasename:test_db
url:jdbc:postgresql://192.168.30.155:5432/test_db


(1).Read to initialization table in POSTGRES ,from MYSQL.string_types_mysql

	(1.1).get 'string_types_mysql' info from MYSQL
	----get sourceTable info total time spent:394

DataSourceType:MYSQL
CatalogName:def
SchemaName:test_db
TableName:string_types_mysql
========== columns info =============
ColumnName=mychar               DataType=char(255)            Position=1    CharMaxLength=255        NumericPrecisionM=0    NumericPrecisionD=0    DatetimePrecision=0    tableCLoneManageType=STRING
ColumnName=myvarchar            DataType=varchar(255)         Position=2    CharMaxLength=255        NumericPrecisionM=0    NumericPrecisionD=0    DatetimePrecision=0    tableCLoneManageType=STRING
ColumnName=mybinary             DataType=binary(255)          Position=3    CharMaxLength=255        NumericPrecisionM=0    NumericPrecisionD=0    DatetimePrecision=0    tableCLoneManageType=BYTES
ColumnName=myvarbinary          DataType=varbinary(8126)      Position=4    CharMaxLength=8126       NumericPrecisionM=0    NumericPrecisionD=0    DatetimePrecision=0    tableCLoneManageType=BYTES
ColumnName=myblob               DataType=blob                 Position=5    CharMaxLength=65535      NumericPrecisionM=0    NumericPrecisionD=0    DatetimePrecision=0    tableCLoneManageType=BYTES
ColumnName=mytext               DataType=text                 Position=6    CharMaxLength=65535      NumericPrecisionM=0    NumericPrecisionD=0    DatetimePrecision=0    tableCLoneManageType=STRING
ColumnName=mymediumblob         DataType=mediumblob           Position=7    CharMaxLength=16777215   NumericPrecisionM=0    NumericPrecisionD=0    DatetimePrecision=0    tableCLoneManageType=BYTES
ColumnName=mymediumtext         DataType=mediumtext           Position=8    CharMaxLength=16777215   NumericPrecisionM=0    NumericPrecisionD=0    DatetimePrecision=0    tableCLoneManageType=STRING
ColumnName=mylongblob           DataType=longblob             Position=9    CharMaxLength=4294967295 NumericPrecisionM=0    NumericPrecisionD=0    DatetimePrecision=0    tableCLoneManageType=BYTES
ColumnName=mylongtext           DataType=longtext             Position=10   CharMaxLength=4294967295 NumericPrecisionM=0    NumericPrecisionD=0    DatetimePrecision=0    tableCLoneManageType=STRING
ColumnName=myenum               DataType=enum('enum_one','enum_two') Position=11   CharMaxLength=8          NumericPrecisionM=0    NumericPrecisionD=0    DatetimePrecision=0    tableCLoneManageType=STRING
ColumnName=myset                DataType=set('set_one','set_two','set_three') Position=12   CharMaxLength=25         NumericPrecisionM=0    NumericPrecisionD=0    DatetimePrecision=0    tableCLoneManageType=STRING

	(1.2).create 'string_types_mysql_m2p' in POSTGRES
Create Table If Not Exists string_types_mysql_6271578_temp(
mychar LONGTEXT
,myvarchar LONGTEXT
,mybinary LONGTEXT
,myvarbinary LONGTEXT
,myblob LONGTEXT
,mytext LONGTEXT
,mymediumblob LONGTEXT
,mymediumtext LONGTEXT
,mylongblob LONGTEXT
,mylongtext LONGTEXT
,myenum LONGTEXT
,myset LONGTEXT
)Engine InnoDB;
Create Table If Not Exists string_types_mysql_m2p(
mychar TEXT
,myvarchar TEXT
,mybinary BYTEA
,myvarbinary BYTEA
,myblob BYTEA
,mytext TEXT
,mymediumblob BYTEA
,mymediumtext TEXT
,mylongblob BYTEA
,mylongtext TEXT
,myenum TEXT
,myset TEXT
);
	----create table total time spent:482

DataSourceType:POSTGRES
CatalogName:null
SchemaName:null
TableName:string_types_mysql_m2p
========== columns info =============
ColumnName=mychar               DataType=TEXT                 Position=1    CharMaxLength=255        NumericPrecisionM=0    NumericPrecisionD=0    DatetimePrecision=0    tableCLoneManageType=STRING
ColumnName=myvarchar            DataType=TEXT                 Position=2    CharMaxLength=255        NumericPrecisionM=0    NumericPrecisionD=0    DatetimePrecision=0    tableCLoneManageType=STRING
ColumnName=mybinary             DataType=BYTEA                Position=3    CharMaxLength=255        NumericPrecisionM=0    NumericPrecisionD=0    DatetimePrecision=0    tableCLoneManageType=BYTES
ColumnName=myvarbinary          DataType=BYTEA                Position=4    CharMaxLength=8126       NumericPrecisionM=0    NumericPrecisionD=0    DatetimePrecision=0    tableCLoneManageType=BYTES
ColumnName=myblob               DataType=BYTEA                Position=5    CharMaxLength=65535      NumericPrecisionM=0    NumericPrecisionD=0    DatetimePrecision=0    tableCLoneManageType=BYTES
ColumnName=mytext               DataType=TEXT                 Position=6    CharMaxLength=65535      NumericPrecisionM=0    NumericPrecisionD=0    DatetimePrecision=0    tableCLoneManageType=STRING
ColumnName=mymediumblob         DataType=BYTEA                Position=7    CharMaxLength=16777215   NumericPrecisionM=0    NumericPrecisionD=0    DatetimePrecision=0    tableCLoneManageType=BYTES
ColumnName=mymediumtext         DataType=TEXT                 Position=8    CharMaxLength=16777215   NumericPrecisionM=0    NumericPrecisionD=0    DatetimePrecision=0    tableCLoneManageType=STRING
ColumnName=mylongblob           DataType=BYTEA                Position=9    CharMaxLength=4294967295 NumericPrecisionM=0    NumericPrecisionD=0    DatetimePrecision=0    tableCLoneManageType=BYTES
ColumnName=mylongtext           DataType=TEXT                 Position=10   CharMaxLength=4294967295 NumericPrecisionM=0    NumericPrecisionD=0    DatetimePrecision=0    tableCLoneManageType=STRING
ColumnName=myenum               DataType=TEXT                 Position=11   CharMaxLength=8          NumericPrecisionM=0    NumericPrecisionD=0    DatetimePrecision=0    tableCLoneManageType=STRING
ColumnName=myset                DataType=TEXT                 Position=12   CharMaxLength=25         NumericPrecisionM=0    NumericPrecisionD=0    DatetimePrecision=0    tableCLoneManageType=STRING
----initialization table success !!!


(2).Read to Sync table data, export MYSQL.string_types_mysql ,load to POSTGRES.string_types_mysql_m2p

	  Excuet Shell : ./TCM-Temp/Export_from_MYSQL_string_types_mysql_6271578_temp.sh
	 Shell Out:mysql: [Warning] Using a password on the command line interface can be insecure.
	 Shell Out:[33mWARNING: [0mUsing a password on the command line interface can be insecure.
	 Shell Out:Gathering information...
	 Shell Out:Preparing data dump for table `test_db`.`string_types_mysql_6271578_temp`
	 Shell Out:Data dump for table `test_db`.`string_types_mysql_6271578_temp` will not use an index
	 Shell Out:Running data dump using 1 thread.
	 Shell Out:Data dump for table `test_db`.`string_types_mysql_6271578_temp` will be written to 1 file
	 Shell Out:Duration: 00:00:00s
	 Shell Out:Data size: 3.78 KB
	 Shell Out:Rows written: 2
	 Shell Out:Bytes written: 3.78 KB
	 Shell Out:Average throughput: 3.78 KB/s
	 Shell Out:
	 Shell Out:The dump can be loaded using:
	 Shell Out:util.importTable("./TCM-Temp/MYSQL_to_POSTGRES_string_types_mysql_m2p.csv", {
	 Shell Out:    "characterSet": "utf8mb4",
	 Shell Out:    "fieldsTerminatedBy": ",",
	 Shell Out:    "linesTerminatedBy": "\n",
	 Shell Out:    "schema": "test_db",
	 Shell Out:    "table": "string_types_mysql_6271578_temp"
	 Shell Out:})
	----export table data total time spent:291

	  Excuet Shell : ./TCM-Temp/Load_to_POSTGRES_string_types_mysql_m2p.sh
	 Shell Out:COPY 2
	----load table data total time spent:35

----Sync the table success !!!!
Mapping Table and Syncing TableData table time:1202
