====  sourceConfig  ====
host:192.168.30.155
port:5432
username:'postgres'
password:''
dataSourceType:POSTGRES
databasename:test_db
url:jdbc:postgresql://192.168.30.155:5432/test_db

====  cloneConfig  ====
host:192.168.30.148
port:3306
username:'root'
password:'root'
dataSourceType:MYSQL
databasename:test_db
url:jdbc:mysql://192.168.30.148:3306/test_db?useSSL=false


(1).Read to initialization table in MYSQL ,from POSTGRES.character_types_pgsql

	(1.1).get 'character_types_pgsql' info from POSTGRES
	----get sourceTable info total time spent:260

DataSourceType:POSTGRES
CatalogName:test_db
SchemaName:public
TableName:character_types_pgsql
========== columns info =============
ColumnName=pgcharactervarying   DataType=character varying    Position=1    CharMaxLength=0          NumericPrecisionM=0    NumericPrecisionD=0    DatetimePrecision=0    tableCLoneManageType=STRING
ColumnName=pgvarchar            DataType=character varying    Position=2    CharMaxLength=0          NumericPrecisionM=0    NumericPrecisionD=0    DatetimePrecision=0    tableCLoneManageType=STRING
ColumnName=pgcharacter          DataType=character            Position=3    CharMaxLength=1          NumericPrecisionM=0    NumericPrecisionD=0    DatetimePrecision=0    tableCLoneManageType=STRING
ColumnName=pgchar               DataType=character            Position=4    CharMaxLength=1          NumericPrecisionM=0    NumericPrecisionD=0    DatetimePrecision=0    tableCLoneManageType=STRING
ColumnName=pgtext               DataType=text                 Position=5    CharMaxLength=0          NumericPrecisionM=0    NumericPrecisionD=0    DatetimePrecision=0    tableCLoneManageType=TEXT

	(1.2).create 'character_types_pgsql_p2m' in MYSQL
Create Table If Not Exists character_types_pgsql_p2m(
pgcharactervarying VARCHAR(255)
,pgvarchar VARCHAR(255)
,pgcharacter VARCHAR(1)
,pgchar VARCHAR(1)
,pgtext LONGTEXT
)Engine InnoDB;
	----create table total time spent:1310

DataSourceType:MYSQL
CatalogName:null
SchemaName:null
TableName:character_types_pgsql_p2m
========== columns info =============
ColumnName=pgcharactervarying   DataType=VARCHAR              Position=1    CharMaxLength=0          NumericPrecisionM=0    NumericPrecisionD=0    DatetimePrecision=0    tableCLoneManageType=STRING
ColumnName=pgvarchar            DataType=VARCHAR              Position=2    CharMaxLength=0          NumericPrecisionM=0    NumericPrecisionD=0    DatetimePrecision=0    tableCLoneManageType=STRING
ColumnName=pgcharacter          DataType=VARCHAR              Position=3    CharMaxLength=1          NumericPrecisionM=0    NumericPrecisionD=0    DatetimePrecision=0    tableCLoneManageType=STRING
ColumnName=pgchar               DataType=VARCHAR              Position=4    CharMaxLength=1          NumericPrecisionM=0    NumericPrecisionD=0    DatetimePrecision=0    tableCLoneManageType=STRING
ColumnName=pgtext               DataType=LONGTEXT             Position=5    CharMaxLength=0          NumericPrecisionM=0    NumericPrecisionD=0    DatetimePrecision=0    tableCLoneManageType=TEXT
----initialization table success !!!


(2).Read to Sync table data, export POSTGRES.character_types_pgsql ,load to MYSQL.character_types_pgsql_p2m

	  Excuet Shell : ./TCM-Temp/Export_from_POSTGRES_character_types_pgsql.sh
	 Shell Out:COPY 2
	----export table data total time spent:27

	  Excuet Shell : ./TCM-Temp/Load_to_MYSQL_character_types_pgsql_p2m.sh
	 Shell Out:mysql: [Warning] Using a password on the command line interface can be insecure.
	----load table data total time spent:170

----Sync the table success !!!!
Mapping Table and Syncing TableData table time:1767
