====  sourceConfig  ====
host:192.168.30.148
port:3306
username:'root'
password:'root'
dataSourceType:MYSQL
databasename:test_db
url:jdbc:mysql://192.168.30.148:3306/test_db?useSSL=false

====  cloneConfig  ====
host:192.168.30.148
port:3306
username:'root'
password:'root'
dataSourceType:MYSQL
databasename:test_db
url:jdbc:mysql://192.168.30.148:3306/test_db?useSSL=false


(1).Read to initialization table in MYSQL ,from MYSQL.data_time_types_mysql

	(1.1).get 'data_time_types_mysql' info from MYSQL
	----get sourceTable info total time spent:378

DataSourceType:MYSQL
CatalogName:def
SchemaName:test_db
TableName:data_time_types_mysql
========== columns info =============
ColumnName=mydate               DataType=date                 Position=1    CharMaxLength=0          NumericPrecisionM=0    NumericPrecisionD=0    DatetimePrecision=0    tableCLoneManageType=DATE
ColumnName=mytime               DataType=time                 Position=2    CharMaxLength=0          NumericPrecisionM=0    NumericPrecisionD=0    DatetimePrecision=0    tableCLoneManageType=TIME
ColumnName=mytime6              DataType=time(6)              Position=3    CharMaxLength=0          NumericPrecisionM=0    NumericPrecisionD=0    DatetimePrecision=6    tableCLoneManageType=TIME
ColumnName=mydatetime           DataType=datetime             Position=4    CharMaxLength=0          NumericPrecisionM=0    NumericPrecisionD=0    DatetimePrecision=0    tableCLoneManageType=TIMESTAMP
ColumnName=mydatetime6          DataType=datetime(6)          Position=5    CharMaxLength=0          NumericPrecisionM=0    NumericPrecisionD=0    DatetimePrecision=6    tableCLoneManageType=TIMESTAMP
ColumnName=mytimestamp          DataType=timestamp            Position=6    CharMaxLength=0          NumericPrecisionM=0    NumericPrecisionD=0    DatetimePrecision=0    tableCLoneManageType=TIMESTAMP
ColumnName=mytimestamp6         DataType=timestamp(6)         Position=7    CharMaxLength=0          NumericPrecisionM=0    NumericPrecisionD=0    DatetimePrecision=6    tableCLoneManageType=TIMESTAMP
ColumnName=myyear               DataType=year(4)              Position=8    CharMaxLength=0          NumericPrecisionM=0    NumericPrecisionD=0    DatetimePrecision=0    tableCLoneManageType=INT32

	(1.2).create 'data_time_types_mysql_m2m' in MYSQL
Create Table If Not Exists data_time_types_mysql_m2m(
mydate date
,mytime time
,mytime6 time(6)
,mydatetime datetime
,mydatetime6 datetime(6)
,mytimestamp timestamp DEFAULT CURRENT_TIMESTAMP ON UPDATE CURRENT_TIMESTAMP not NULL
,mytimestamp6 timestamp(6) DEFAULT CURRENT_TIMESTAMP(6) ON UPDATE CURRENT_TIMESTAMP(6) not NULL
,myyear year
)Engine InnoDB;
	----create table total time spent:388

DataSourceType:MYSQL
CatalogName:null
SchemaName:null
TableName:data_time_types_mysql_m2m
========== columns info =============
ColumnName=mydate               DataType=date                 Position=1    CharMaxLength=0          NumericPrecisionM=0    NumericPrecisionD=0    DatetimePrecision=0    tableCLoneManageType=DATE
ColumnName=mytime               DataType=time                 Position=2    CharMaxLength=0          NumericPrecisionM=0    NumericPrecisionD=0    DatetimePrecision=0    tableCLoneManageType=TIME
ColumnName=mytime6              DataType=time(6)              Position=3    CharMaxLength=0          NumericPrecisionM=0    NumericPrecisionD=0    DatetimePrecision=6    tableCLoneManageType=TIME
ColumnName=mydatetime           DataType=datetime             Position=4    CharMaxLength=0          NumericPrecisionM=0    NumericPrecisionD=0    DatetimePrecision=0    tableCLoneManageType=TIMESTAMP
ColumnName=mydatetime6          DataType=datetime(6)          Position=5    CharMaxLength=0          NumericPrecisionM=0    NumericPrecisionD=0    DatetimePrecision=6    tableCLoneManageType=TIMESTAMP
ColumnName=mytimestamp          DataType=timestamp            Position=6    CharMaxLength=0          NumericPrecisionM=0    NumericPrecisionD=0    DatetimePrecision=0    tableCLoneManageType=TIMESTAMP
ColumnName=mytimestamp6         DataType=timestamp(6)         Position=7    CharMaxLength=0          NumericPrecisionM=0    NumericPrecisionD=0    DatetimePrecision=6    tableCLoneManageType=TIMESTAMP
ColumnName=myyear               DataType=year(4)              Position=8    CharMaxLength=0          NumericPrecisionM=0    NumericPrecisionD=0    DatetimePrecision=0    tableCLoneManageType=INT32
----initialization table success !!!


(2).Read to Sync table data, export MYSQL.data_time_types_mysql ,load to MYSQL.data_time_types_mysql_m2m

	  Excuet Shell : ./TCM-Temp/Export_from_MYSQL_data_time_types_mysql.sh
	 Shell Out:[33mWARNING: [0mUsing a password on the command line interface can be insecure.
	 Shell Out:Gathering information...
	 Shell Out:Preparing data dump for table `test_db`.`data_time_types_mysql`
	 Shell Out:Data dump for table `test_db`.`data_time_types_mysql` will not use an index
	 Shell Out:Running data dump using 1 thread.
	 Shell Out:Data dump for table `test_db`.`data_time_types_mysql` will be written to 1 file
	 Shell Out:Duration: 00:00:00s
	 Shell Out:Data size: 552 bytes
	 Shell Out:Rows written: 4
	 Shell Out:Bytes written: 552 bytes
	 Shell Out:Average throughput: 552.00 B/s
	 Shell Out:
	 Shell Out:The dump can be loaded using:
	 Shell Out:util.importTable("./TCM-Temp/MYSQL_to_MYSQL_data_time_types_mysql_m2m.csv", {
	 Shell Out:    "characterSet": "utf8mb4",
	 Shell Out:    "fieldsTerminatedBy": ",",
	 Shell Out:    "linesTerminatedBy": "\n",
	 Shell Out:    "schema": "test_db",
	 Shell Out:    "table": "data_time_types_mysql"
	 Shell Out:})
	----export table data total time spent:275

	  Excuet Shell : ./TCM-Temp/Load_to_MYSQL_data_time_types_mysql_m2m.sh
	 Shell Out:mysql: [Warning] Using a password on the command line interface can be insecure.
	----load table data total time spent:131

----Sync the table success !!!!
Mapping Table and Syncing TableData table time:1172
