====  sourceConfig  ====
host:192.168.30.155
port:5432
username:'postgres'
password:''
dataSourceEnum:POSTGRES
databasename:test_db
url:jdbc:postgresql://192.168.30.155:5432/test_db

====  cloneConfig  ====
host:192.168.30.148
port:3306
username:'root'
password:'root'
dataSourceEnum:MYSQL
databasename:test_db
url:jdbc:mysql://192.168.30.148:3306/test_db?useSSL=false


(1).Read to initialization table in MYSQL ,from POSTGRES.numeric_types_pgsql

	(1.1).get 'numeric_types_pgsql' info from POSTGRES
	----get sourceTable info total time spent:249

DataSourceType:POSTGRES
CatalogName:test_db
SchemaName:public
TableName:numeric_types_pgsql
========== columns info =============
ColumnName=pgsmallint           DataType=smallint             Position=1    CharMaxLength=0          NumericPrecisionM=16   NumericPrecisionD=0    DatetimePrecision=0    tableCLoneManageType=INT16
ColumnName=pginteger            DataType=integer              Position=2    CharMaxLength=0          NumericPrecisionM=32   NumericPrecisionD=0    DatetimePrecision=0    tableCLoneManageType=INT32
ColumnName=pgbigint             DataType=bigint               Position=3    CharMaxLength=0          NumericPrecisionM=64   NumericPrecisionD=0    DatetimePrecision=0    tableCLoneManageType=INT64
ColumnName=pgdecimal            DataType=numeric              Position=4    CharMaxLength=0          NumericPrecisionM=0    NumericPrecisionD=0    DatetimePrecision=0    tableCLoneManageType=DECIMAL
ColumnName=pgnumeric            DataType=numeric              Position=5    CharMaxLength=0          NumericPrecisionM=0    NumericPrecisionD=0    DatetimePrecision=0    tableCLoneManageType=DECIMAL
ColumnName=pgreal               DataType=real                 Position=6    CharMaxLength=0          NumericPrecisionM=24   NumericPrecisionD=0    DatetimePrecision=0    tableCLoneManageType=FLOAT32
ColumnName=pgdouble_precision   DataType=double precision     Position=7    CharMaxLength=0          NumericPrecisionM=53   NumericPrecisionD=0    DatetimePrecision=0    tableCLoneManageType=FLOAT64
ColumnName=pgsmallserial        DataType=smallint             Position=8    CharMaxLength=0          NumericPrecisionM=16   NumericPrecisionD=0    DatetimePrecision=0    tableCLoneManageType=INT16
ColumnName=pgserial             DataType=integer              Position=9    CharMaxLength=0          NumericPrecisionM=32   NumericPrecisionD=0    DatetimePrecision=0    tableCLoneManageType=INT32
ColumnName=pgbigserial          DataType=bigint               Position=10   CharMaxLength=0          NumericPrecisionM=64   NumericPrecisionD=0    DatetimePrecision=0    tableCLoneManageType=INT64

	(1.2).create 'numeric_types_pgsql_p2m' in MYSQL
Create Table If Not Exists numeric_types_pgsql_p2m(
pgsmallint SMALLINT
,pginteger INT
,pgbigint BIGINT
,pgdecimal DECIMAL(65,30)
,pgnumeric DECIMAL(65,30)
,pgreal FLOAT
,pgdouble_precision DOUBLE
,pgsmallserial SMALLINT not NULL
,pgserial INT not NULL
,pgbigserial BIGINT not NULL
)Engine InnoDB;
	----create table total time spent:328

DataSourceType:MYSQL
CatalogName:null
SchemaName:null
TableName:numeric_types_pgsql_p2m
========== columns info =============
ColumnName=pgsmallint           DataType=SMALLINT             Position=1    CharMaxLength=0          NumericPrecisionM=16   NumericPrecisionD=0    DatetimePrecision=0    tableCLoneManageType=INT16
ColumnName=pginteger            DataType=INT                  Position=2    CharMaxLength=0          NumericPrecisionM=32   NumericPrecisionD=0    DatetimePrecision=0    tableCLoneManageType=INT32
ColumnName=pgbigint             DataType=BIGINT               Position=3    CharMaxLength=0          NumericPrecisionM=64   NumericPrecisionD=0    DatetimePrecision=0    tableCLoneManageType=INT64
ColumnName=pgdecimal            DataType=DECIMAL              Position=4    CharMaxLength=0          NumericPrecisionM=0    NumericPrecisionD=0    DatetimePrecision=0    tableCLoneManageType=DECIMAL
ColumnName=pgnumeric            DataType=DECIMAL              Position=5    CharMaxLength=0          NumericPrecisionM=0    NumericPrecisionD=0    DatetimePrecision=0    tableCLoneManageType=DECIMAL
ColumnName=pgreal               DataType=FLOAT                Position=6    CharMaxLength=0          NumericPrecisionM=24   NumericPrecisionD=0    DatetimePrecision=0    tableCLoneManageType=FLOAT32
ColumnName=pgdouble_precision   DataType=DOUBLE               Position=7    CharMaxLength=0          NumericPrecisionM=53   NumericPrecisionD=0    DatetimePrecision=0    tableCLoneManageType=FLOAT64
ColumnName=pgsmallserial        DataType=SMALLINT             Position=8    CharMaxLength=0          NumericPrecisionM=16   NumericPrecisionD=0    DatetimePrecision=0    tableCLoneManageType=INT16
ColumnName=pgserial             DataType=INT                  Position=9    CharMaxLength=0          NumericPrecisionM=32   NumericPrecisionD=0    DatetimePrecision=0    tableCLoneManageType=INT32
ColumnName=pgbigserial          DataType=BIGINT               Position=10   CharMaxLength=0          NumericPrecisionM=64   NumericPrecisionD=0    DatetimePrecision=0    tableCLoneManageType=INT64
----initialization table success !!!


(2).Read to Sync table data, export POSTGRES.numeric_types_pgsql ,load to MYSQL.numeric_types_pgsql_p2m

	  Excuet Shell : ./TCM-Temp/Export_from_POSTGRES_numeric_types_pgsql.sh
	 Shell Out:COPY 2
	----export table data total time spent:22

	  Excuet Shell : ./TCM-Temp/Load_to_MYSQL_numeric_types_pgsql_p2m.sh
	 Shell Out:mysql: [Warning] Using a password on the command line interface can be insecure.
	----load table data total time spent:150

----Sync the table success !!!!
Mapping Table and Syncing TableData table time:749
