====  sourceConfig  ====
host:192.168.30.155
port:5432
username:'postgres'
password:''
dataSourceType:POSTGRES
databasename:test_db
url:jdbc:postgresql://192.168.30.155:5432/test_db

====  cloneConfig  ====
host:192.168.30.155
port:5432
username:'postgres'
password:''
dataSourceType:POSTGRES
databasename:test_db
url:jdbc:postgresql://192.168.30.155:5432/test_db


(1).Read to initialization table in POSTGRES ,from POSTGRES.datatime_types_pgsql

	(1.1).get 'datatime_types_pgsql' info from POSTGRES
	----get sourceTable info total time spent:228

DataSourceType:POSTGRES
CatalogName:test_db
SchemaName:public
TableName:datatime_types_pgsql
========== columns info =============
ColumnName=pgtimestamp          DataType=timestamp without time zone Position=1    CharMaxLength=0          NumericPrecisionM=0    NumericPrecisionD=0    DatetimePrecision=6    tableCLoneManageType=TIMESTAMP
ColumnName=pgtimestampwtz       DataType=timestamp with time zone Position=2    CharMaxLength=0          NumericPrecisionM=0    NumericPrecisionD=0    DatetimePrecision=6    tableCLoneManageType=TIMESTAMP
ColumnName=pgdate               DataType=date                 Position=3    CharMaxLength=0          NumericPrecisionM=0    NumericPrecisionD=0    DatetimePrecision=0    tableCLoneManageType=DATE
ColumnName=pgtime               DataType=time without time zone Position=4    CharMaxLength=0          NumericPrecisionM=0    NumericPrecisionD=0    DatetimePrecision=6    tableCLoneManageType=TIME
ColumnName=pgtimewtz            DataType=time with time zone  Position=5    CharMaxLength=0          NumericPrecisionM=0    NumericPrecisionD=0    DatetimePrecision=6    tableCLoneManageType=TIME
ColumnName=pginterval           DataType=interval             Position=6    CharMaxLength=255        NumericPrecisionM=0    NumericPrecisionD=0    DatetimePrecision=6    tableCLoneManageType=STRING

	(1.2).create 'datatime_types_pgsql_p2p' in POSTGRES
Create Table If Not Exists datatime_types_pgsql_p2p(
pgtimestamp timestamp(6) without time zone
,pgtimestampwtz timestamp(6) with time zone
,pgdate date
,pgtime time(6) without time zone
,pgtimewtz time(6) with time zone
,pginterval interval
);
	----create table total time spent:26

DataSourceType:POSTGRES
CatalogName:null
SchemaName:null
TableName:datatime_types_pgsql_p2p
========== columns info =============
ColumnName=pgtimestamp          DataType=timestamp without time zone Position=1    CharMaxLength=0          NumericPrecisionM=0    NumericPrecisionD=0    DatetimePrecision=6    tableCLoneManageType=TIMESTAMP
ColumnName=pgtimestampwtz       DataType=timestamp with time zone Position=2    CharMaxLength=0          NumericPrecisionM=0    NumericPrecisionD=0    DatetimePrecision=6    tableCLoneManageType=TIMESTAMP
ColumnName=pgdate               DataType=date                 Position=3    CharMaxLength=0          NumericPrecisionM=0    NumericPrecisionD=0    DatetimePrecision=0    tableCLoneManageType=DATE
ColumnName=pgtime               DataType=time without time zone Position=4    CharMaxLength=0          NumericPrecisionM=0    NumericPrecisionD=0    DatetimePrecision=6    tableCLoneManageType=TIME
ColumnName=pgtimewtz            DataType=time with time zone  Position=5    CharMaxLength=0          NumericPrecisionM=0    NumericPrecisionD=0    DatetimePrecision=6    tableCLoneManageType=TIME
ColumnName=pginterval           DataType=interval             Position=6    CharMaxLength=255        NumericPrecisionM=0    NumericPrecisionD=0    DatetimePrecision=6    tableCLoneManageType=STRING
----initialization table success !!!


(2).Read to Sync table data, export POSTGRES.datatime_types_pgsql ,load to POSTGRES.datatime_types_pgsql_p2p

	  Excuet Shell : ./TCM-Temp/Export_from_POSTGRES_datatime_types_pgsql.sh
	 Shell Out:COPY 4
	----export table data total time spent:20

	  Excuet Shell : ./TCM-Temp/Load_to_POSTGRES_datatime_types_pgsql_p2p.sh
	 Shell Out:COPY 4
	----load table data total time spent:15

----Sync the table success !!!!
Mapping Table and Syncing TableData table time:289
