====  sourceConfig  ====
host:192.168.30.155
port:5432
username:'postgres'
password:''
dataSourceType:POSTGRES
databasename:test_db
url:jdbc:postgresql://192.168.30.155:5432/test_db

====  cloneConfig  ====
host:192.168.30.148
port:3306
username:'root'
password:'root'
dataSourceType:MYSQL
databasename:test_db
url:jdbc:mysql://192.168.30.148:3306/test_db?useSSL=false


(1).Read to initialization table in MYSQL ,from POSTGRES.datatime_types_pgsql

	(1.1).get 'datatime_types_pgsql' info from POSTGRES
	----get sourceTable info total time spent:233

DataSourceType:POSTGRES
CatalogName:test_db
SchemaName:public
TableName:datatime_types_pgsql
========== columns info =============
ColumnName=pgtimestamp          DataType=timestamp without time zone Position=1    CharMaxLength=0          NumericPrecisionM=0    NumericPrecisionD=0    DatetimePrecision=6    tableCLoneManageType=TIMESTAMP
ColumnName=pgtimestampwtz       DataType=timestamp with time zone Position=2    CharMaxLength=0          NumericPrecisionM=0    NumericPrecisionD=0    DatetimePrecision=6    tableCLoneManageType=TIMESTAMP
ColumnName=pgdate               DataType=date                 Position=3    CharMaxLength=0          NumericPrecisionM=0    NumericPrecisionD=0    DatetimePrecision=0    tableCLoneManageType=DATE
ColumnName=pgtime               DataType=time without time zone Position=4    CharMaxLength=0          NumericPrecisionM=0    NumericPrecisionD=0    DatetimePrecision=6    tableCLoneManageType=TIME
ColumnName=pgtimewtz            DataType=time with time zone  Position=5    CharMaxLength=0          NumericPrecisionM=0    NumericPrecisionD=0    DatetimePrecision=6    tableCLoneManageType=TIME
ColumnName=pginterval           DataType=interval             Position=6    CharMaxLength=255        NumericPrecisionM=0    NumericPrecisionD=0    DatetimePrecision=6    tableCLoneManageType=STRING

	(1.2).create 'datatime_types_pgsql_p2m' in MYSQL
Create Table If Not Exists datatime_types_pgsql_p2m(
pgtimestamp TIMESTAMP(6) DEFAULT CURRENT_TIMESTAMP(6) ON UPDATE CURRENT_TIMESTAMP(6)
,pgtimestampwtz TIMESTAMP(6) DEFAULT CURRENT_TIMESTAMP(6) ON UPDATE CURRENT_TIMESTAMP(6)
,pgdate DATE
,pgtime TIME(6)
,pgtimewtz TIME(6)
,pginterval VARCHAR(255)
);
	----create table total time spent:1179

DataSourceType:MYSQL
CatalogName:null
SchemaName:null
TableName:datatime_types_pgsql_p2m
========== columns info =============
ColumnName=pgtimestamp          DataType=TIMESTAMP            Position=1    CharMaxLength=0          NumericPrecisionM=0    NumericPrecisionD=0    DatetimePrecision=6    tableCLoneManageType=TIMESTAMP
ColumnName=pgtimestampwtz       DataType=TIMESTAMP            Position=2    CharMaxLength=0          NumericPrecisionM=0    NumericPrecisionD=0    DatetimePrecision=6    tableCLoneManageType=TIMESTAMP
ColumnName=pgdate               DataType=DATE                 Position=3    CharMaxLength=0          NumericPrecisionM=0    NumericPrecisionD=0    DatetimePrecision=0    tableCLoneManageType=DATE
ColumnName=pgtime               DataType=TIME                 Position=4    CharMaxLength=0          NumericPrecisionM=0    NumericPrecisionD=0    DatetimePrecision=6    tableCLoneManageType=TIME
ColumnName=pgtimewtz            DataType=TIME                 Position=5    CharMaxLength=0          NumericPrecisionM=0    NumericPrecisionD=0    DatetimePrecision=6    tableCLoneManageType=TIME
ColumnName=pginterval           DataType=VARCHAR              Position=6    CharMaxLength=255        NumericPrecisionM=0    NumericPrecisionD=0    DatetimePrecision=6    tableCLoneManageType=STRING
----initialization table success !!!


(2).Read to Sync table data, export POSTGRES.datatime_types_pgsql ,load to MYSQL.datatime_types_pgsql_p2m

	  Excuet Shell : ./TCM-Temp/Export_from_POSTGRES_datatime_types_pgsql.sh
	 Shell Out:COPY 4
	----export table data total time spent:20

	  Excuet Shell : ./TCM-Temp/Load_to_MYSQL_datatime_types_pgsql_p2m.sh
	 Shell Out:mysql: [Warning] Using a password on the command line interface can be insecure.
	----load table data total time spent:192

----Sync the table success !!!!
Mapping Table and Syncing TableData table time:1624
