====  sourceConfig  ====
host:192.168.30.148
port:3306
username:'root'
password:'root'
dataSourceEnum:MYSQL
databasename:test_db
url:jdbc:mysql://192.168.30.148:3306/test_db?useSSL=false

====  cloneConfig  ====
host:192.168.30.155
port:5432
username:'postgres'
password:''
dataSourceEnum:POSTGRES
databasename:test_db
url:jdbc:postgresql://192.168.30.155:5432/test_db


(1).Read to initialization table in POSTGRES ,from MYSQL.data_time_types_mysql

	(1.1).get 'data_time_types_mysql' info from MYSQL
	----get sourceTable info total time spent:377

DataSourceType:MYSQL
CatalogName:def
SchemaName:test_db
TableName:data_time_types_mysql
========== columns info =============
ColumnName=mydate               DataType=date                 Position=1    CharMaxLength=0          NumericPrecisionM=0    NumericPrecisionD=0    DatetimePrecision=0    tableCLoneManageType=DATE
ColumnName=mytime               DataType=time                 Position=2    CharMaxLength=0          NumericPrecisionM=0    NumericPrecisionD=0    DatetimePrecision=0    tableCLoneManageType=TIME
ColumnName=mytime6              DataType=time(6)              Position=3    CharMaxLength=0          NumericPrecisionM=0    NumericPrecisionD=0    DatetimePrecision=6    tableCLoneManageType=TIME
ColumnName=mydatetime           DataType=datetime             Position=4    CharMaxLength=0          NumericPrecisionM=0    NumericPrecisionD=0    DatetimePrecision=0    tableCLoneManageType=TIMESTAMP
ColumnName=mydatetime6          DataType=datetime(6)          Position=5    CharMaxLength=0          NumericPrecisionM=0    NumericPrecisionD=0    DatetimePrecision=6    tableCLoneManageType=TIMESTAMP
ColumnName=mytimestamp          DataType=timestamp            Position=6    CharMaxLength=0          NumericPrecisionM=0    NumericPrecisionD=0    DatetimePrecision=0    tableCLoneManageType=TIMESTAMP
ColumnName=mytimestamp6         DataType=timestamp(6)         Position=7    CharMaxLength=0          NumericPrecisionM=0    NumericPrecisionD=0    DatetimePrecision=6    tableCLoneManageType=TIMESTAMP
ColumnName=myyear               DataType=year(4)              Position=8    CharMaxLength=0          NumericPrecisionM=0    NumericPrecisionD=0    DatetimePrecision=0    tableCLoneManageType=INT32

	(1.2).create 'data_time_types_mysql_m2p' in POSTGRES
Create Table If Not Exists data_time_types_mysql_m2p(
mydate DATE
,mytime INTERVAL
,mytime6 INTERVAL
,mydatetime TIMESTAMP
,mydatetime6 TIMESTAMP
,mytimestamp TIMESTAMP NOT NULL
,mytimestamp6 TIMESTAMP NOT NULL
,myyear INT
);
	----create table total time spent:122

DataSourceType:POSTGRES
CatalogName:null
SchemaName:null
TableName:data_time_types_mysql_m2p
========== columns info =============
ColumnName=mydate               DataType=DATE                 Position=1    CharMaxLength=0          NumericPrecisionM=0    NumericPrecisionD=0    DatetimePrecision=0    tableCLoneManageType=DATE
ColumnName=mytime               DataType=INTERVAL             Position=2    CharMaxLength=0          NumericPrecisionM=0    NumericPrecisionD=0    DatetimePrecision=0    tableCLoneManageType=TIME
ColumnName=mytime6              DataType=INTERVAL             Position=3    CharMaxLength=0          NumericPrecisionM=0    NumericPrecisionD=0    DatetimePrecision=6    tableCLoneManageType=TIME
ColumnName=mydatetime           DataType=TIMESTAMP            Position=4    CharMaxLength=0          NumericPrecisionM=0    NumericPrecisionD=0    DatetimePrecision=0    tableCLoneManageType=TIMESTAMP
ColumnName=mydatetime6          DataType=TIMESTAMP            Position=5    CharMaxLength=0          NumericPrecisionM=0    NumericPrecisionD=0    DatetimePrecision=6    tableCLoneManageType=TIMESTAMP
ColumnName=mytimestamp          DataType=TIMESTAMP            Position=6    CharMaxLength=0          NumericPrecisionM=0    NumericPrecisionD=0    DatetimePrecision=0    tableCLoneManageType=TIMESTAMP
ColumnName=mytimestamp6         DataType=TIMESTAMP            Position=7    CharMaxLength=0          NumericPrecisionM=0    NumericPrecisionD=0    DatetimePrecision=6    tableCLoneManageType=TIMESTAMP
ColumnName=myyear               DataType=INT                  Position=8    CharMaxLength=0          NumericPrecisionM=0    NumericPrecisionD=0    DatetimePrecision=0    tableCLoneManageType=INT32
----initialization table success !!!


(2).Read to Sync table data, export MYSQL.data_time_types_mysql ,load to POSTGRES.data_time_types_mysql_m2p

	  Excuet Shell : ./TCM-Temp/Export_from_MYSQL_data_time_types_mysql.sh
	 Shell Out:[33mWARNING: [0mUsing a password on the command line interface can be insecure.
	 Shell Out:Gathering information...
	 Shell Out:Preparing data dump for table `test_db`.`data_time_types_mysql`
	 Shell Out:Data dump for table `test_db`.`data_time_types_mysql` will not use an index
	 Shell Out:Running data dump using 1 thread.
	 Shell Out:Data dump for table `test_db`.`data_time_types_mysql` will be written to 1 file
	 Shell Out:Duration: 00:00:00s
	 Shell Out:Data size: 552 bytes
	 Shell Out:Rows written: 4
	 Shell Out:Bytes written: 552 bytes
	 Shell Out:Average throughput: 552.00 B/s
	 Shell Out:
	 Shell Out:The dump can be loaded using:
	 Shell Out:util.importTable("./TCM-Temp/MYSQL_to_POSTGRES_data_time_types_mysql_m2p.csv", {
	 Shell Out:    "characterSet": "utf8mb4",
	 Shell Out:    "fieldsTerminatedBy": ",",
	 Shell Out:    "linesTerminatedBy": "\n",
	 Shell Out:    "schema": "test_db",
	 Shell Out:    "table": "data_time_types_mysql"
	 Shell Out:})
	----export table data total time spent:281

	  Excuet Shell : ./TCM-Temp/Load_to_POSTGRES_data_time_types_mysql_m2p.sh
	 Shell Out:COPY 4
	----load table data total time spent:62

----Sync the table success !!!!
Mapping Table and Syncing TableData table time:842
