====  sourceConfig  ====
host:192.168.30.155
port:5432
username:'postgres'
password:''
dataSourceEnum:POSTGRES
databasename:test_db
url:jdbc:postgresql://192.168.30.155:5432/test_db

====  cloneConfig  ====
host:192.168.30.148
port:3306
username:'root'
password:'root'
dataSourceEnum:MYSQL
databasename:test_db
url:jdbc:mysql://192.168.30.148:3306/test_db?useSSL=false


(1).Read to initialization table in MYSQL ,from POSTGRES.bit_string_types_pgsql

	(1.1).get 'bit_string_types_pgsql' info from POSTGRES
	----get sourceTable info total time spent:328

DataSourceType:POSTGRES
CatalogName:test_db
SchemaName:public
TableName:bit_string_types_pgsql
========== columns info =============
ColumnName=pgbit_1              DataType=bit                  Position=1    CharMaxLength=1          NumericPrecisionM=0    NumericPrecisionD=0    DatetimePrecision=0    tableCLoneManageType=BYTES
ColumnName=pgbit_3              DataType=bit                  Position=2    CharMaxLength=3          NumericPrecisionM=0    NumericPrecisionD=0    DatetimePrecision=0    tableCLoneManageType=BYTES
ColumnName=pgbitvarying_1       DataType=bit varying          Position=3    CharMaxLength=1          NumericPrecisionM=0    NumericPrecisionD=0    DatetimePrecision=0    tableCLoneManageType=BYTES
ColumnName=pgbitvarying_5       DataType=bit varying          Position=4    CharMaxLength=5          NumericPrecisionM=0    NumericPrecisionD=0    DatetimePrecision=0    tableCLoneManageType=BYTES

	(1.2).create 'bit_string_types_pgsql_p2m' in MYSQL
Create Table If Not Exists bit_string_types_pgsql_p2m(
pgbit_1 VARBINARY(1)
,pgbit_3 VARBINARY(3)
,pgbitvarying_1 VARBINARY(1)
,pgbitvarying_5 VARBINARY(5)
);
	----create table total time spent:642

DataSourceType:MYSQL
CatalogName:null
SchemaName:null
TableName:bit_string_types_pgsql_p2m
========== columns info =============
ColumnName=pgbit_1              DataType=VARBINARY            Position=1    CharMaxLength=1          NumericPrecisionM=0    NumericPrecisionD=0    DatetimePrecision=0    tableCLoneManageType=BYTES
ColumnName=pgbit_3              DataType=VARBINARY            Position=2    CharMaxLength=3          NumericPrecisionM=0    NumericPrecisionD=0    DatetimePrecision=0    tableCLoneManageType=BYTES
ColumnName=pgbitvarying_1       DataType=VARBINARY            Position=3    CharMaxLength=1          NumericPrecisionM=0    NumericPrecisionD=0    DatetimePrecision=0    tableCLoneManageType=BYTES
ColumnName=pgbitvarying_5       DataType=VARBINARY            Position=4    CharMaxLength=5          NumericPrecisionM=0    NumericPrecisionD=0    DatetimePrecision=0    tableCLoneManageType=BYTES
----initialization table success !!!


(2).Read to Sync table data, export POSTGRES.bit_string_types_pgsql ,load to MYSQL.bit_string_types_pgsql_p2m

	  Excuet Shell : ./TCM-Temp/Export_from_POSTGRES_bit_string_types_pgsql.sh
	 Shell Out:COPY 2
	----export table data total time spent:26

	  Excuet Shell : ./TCM-Temp/Load_to_MYSQL_bit_string_types_pgsql_p2m.sh
	 Shell Out:mysql: [Warning] Using a password on the command line interface can be insecure.
	----load table data total time spent:89

----Sync the table success !!!!
Mapping Table and Syncing TableData table time:1085
