====  sourceConfig  ====
host:192.168.30.155
port:5432
username:'postgres'
password:''
dataSourceType:POSTGRES
databasename:test_db
url:jdbc:postgresql://192.168.30.155:5432/test_db

====  cloneConfig  ====
host:192.168.30.155
port:5432
username:'postgres'
password:''
dataSourceType:POSTGRES
databasename:test_db
url:jdbc:postgresql://192.168.30.155:5432/test_db


(1).Read to initialization table in POSTGRES ,from POSTGRES.monetart_types_pgsql

	(1.1).get 'monetart_types_pgsql' info from POSTGRES
	----get sourceTable info total time spent:221

DataSourceType:POSTGRES
CatalogName:test_db
SchemaName:public
TableName:monetart_types_pgsql
========== columns info =============
ColumnName=pgmoney              DataType=money                Position=1    CharMaxLength=0          NumericPrecisionM=65   NumericPrecisionD=2    DatetimePrecision=0    tableCLoneManageType=MONEY

	(1.2).create 'monetart_types_pgsql_p2p' in POSTGRES
Create Table If Not Exists monetart_types_pgsql_p2p(
pgmoney money
);
	----create table total time spent:37

DataSourceType:POSTGRES
CatalogName:null
SchemaName:null
TableName:monetart_types_pgsql_p2p
========== columns info =============
ColumnName=pgmoney              DataType=money                Position=1    CharMaxLength=0          NumericPrecisionM=65   NumericPrecisionD=2    DatetimePrecision=0    tableCLoneManageType=MONEY
----initialization table success !!!


(2).Read to Sync table data, export POSTGRES.monetart_types_pgsql ,load to POSTGRES.monetart_types_pgsql_p2p

	  Excuet Shell : ./TCM-Temp/Export_from_POSTGRES_monetart_types_pgsql.sh
	 Shell Out:COPY 2
	----export table data total time spent:23

	  Excuet Shell : ./TCM-Temp/Load_to_POSTGRES_monetart_types_pgsql_p2p.sh
	 Shell Out:COPY 2
	----load table data total time spent:16

----Sync the table success !!!!
Mapping Table and Syncing TableData table time:297
