====  sourceConfig  ====
host:192.168.30.155
port:5432
username:'postgres'
password:''
dataSourceEnum:POSTGRES
databasename:test_db
url:jdbc:postgresql://192.168.30.155:5432/test_db

====  cloneConfig  ====
host:192.168.30.155
port:5432
username:'postgres'
password:''
dataSourceEnum:POSTGRES
databasename:test_db
url:jdbc:postgresql://192.168.30.155:5432/test_db


(1).Read to initialization table in POSTGRES ,from POSTGRES.bit_string_types_pgsql

	(1.1).get 'bit_string_types_pgsql' info from POSTGRES
	----get sourceTable info total time spent:226

DataSourceType:POSTGRES
CatalogName:test_db
SchemaName:public
TableName:bit_string_types_pgsql
========== columns info =============
ColumnName=pgbit_1              DataType=bit                  Position=1    CharMaxLength=1          NumericPrecisionM=0    NumericPrecisionD=0    DatetimePrecision=0    tableCLoneManageType=BYTES
ColumnName=pgbit_3              DataType=bit                  Position=2    CharMaxLength=3          NumericPrecisionM=0    NumericPrecisionD=0    DatetimePrecision=0    tableCLoneManageType=BYTES
ColumnName=pgbitvarying_1       DataType=bit varying          Position=3    CharMaxLength=1          NumericPrecisionM=0    NumericPrecisionD=0    DatetimePrecision=0    tableCLoneManageType=BYTES
ColumnName=pgbitvarying_5       DataType=bit varying          Position=4    CharMaxLength=5          NumericPrecisionM=0    NumericPrecisionD=0    DatetimePrecision=0    tableCLoneManageType=BYTES

	(1.2).create 'bit_string_types_pgsql_p2p' in POSTGRES
Create Table If Not Exists bit_string_types_pgsql_p2p(
pgbit_1 bit(1)
,pgbit_3 bit(3)
,pgbitvarying_1 bit varying(1)
,pgbitvarying_5 bit varying(5)
);
	----create table total time spent:33

DataSourceType:POSTGRES
CatalogName:null
SchemaName:null
TableName:bit_string_types_pgsql_p2p
========== columns info =============
ColumnName=pgbit_1              DataType=bit                  Position=1    CharMaxLength=1          NumericPrecisionM=0    NumericPrecisionD=0    DatetimePrecision=0    tableCLoneManageType=BYTES
ColumnName=pgbit_3              DataType=bit                  Position=2    CharMaxLength=3          NumericPrecisionM=0    NumericPrecisionD=0    DatetimePrecision=0    tableCLoneManageType=BYTES
ColumnName=pgbitvarying_1       DataType=bit varying          Position=3    CharMaxLength=1          NumericPrecisionM=0    NumericPrecisionD=0    DatetimePrecision=0    tableCLoneManageType=BYTES
ColumnName=pgbitvarying_5       DataType=bit varying          Position=4    CharMaxLength=5          NumericPrecisionM=0    NumericPrecisionD=0    DatetimePrecision=0    tableCLoneManageType=BYTES
----initialization table success !!!


(2).Read to Sync table data, export POSTGRES.bit_string_types_pgsql ,load to POSTGRES.bit_string_types_pgsql_p2p

	  Excuet Shell : ./TCM-Temp/Export_from_POSTGRES_bit_string_types_pgsql.sh
	 Shell Out:COPY 2
	----export table data total time spent:22

	  Excuet Shell : ./TCM-Temp/Load_to_POSTGRES_bit_string_types_pgsql_p2p.sh
	 Shell Out:COPY 2
	----load table data total time spent:16

----Sync the table success !!!!
Mapping Table and Syncing TableData table time:297
