====  sourceConfig  ====
host:192.168.30.148
port:3306
username:'root'
password:'root'
dataSourceEnum:MYSQL
databasename:test_db
url:jdbc:mysql://192.168.30.148:3306/test_db?useSSL=false

====  cloneConfig  ====
host:192.168.30.148
port:3306
username:'root'
password:'root'
dataSourceEnum:MYSQL
databasename:test_db
url:jdbc:mysql://192.168.30.148:3306/test_db?useSSL=false


(1).Read to initialization table in MYSQL ,from MYSQL.byte_types_mysql

	(1.1).get 'byte_types_mysql' info from MYSQL
	----get sourceTable info total time spent:371

DataSourceType:MYSQL
CatalogName:def
SchemaName:test_db
TableName:byte_types_mysql
========== columns info =============
ColumnName=mybit1               DataType=bit(1)               Position=1    CharMaxLength=0          NumericPrecisionM=1    NumericPrecisionD=0    DatetimePrecision=0    tableCLoneManageType=BYTES
ColumnName=mybit5               DataType=bit(5)               Position=2    CharMaxLength=0          NumericPrecisionM=5    NumericPrecisionD=0    DatetimePrecision=0    tableCLoneManageType=BYTES
ColumnName=mybinary             DataType=binary(255)          Position=3    CharMaxLength=255        NumericPrecisionM=0    NumericPrecisionD=0    DatetimePrecision=0    tableCLoneManageType=BYTES
ColumnName=myvarbinary          DataType=varbinary(8126)      Position=4    CharMaxLength=8126       NumericPrecisionM=0    NumericPrecisionD=0    DatetimePrecision=0    tableCLoneManageType=BYTES
ColumnName=myblob               DataType=blob                 Position=5    CharMaxLength=65535      NumericPrecisionM=0    NumericPrecisionD=0    DatetimePrecision=0    tableCLoneManageType=BYTES
ColumnName=mymediumblob         DataType=mediumblob           Position=6    CharMaxLength=16777215   NumericPrecisionM=0    NumericPrecisionD=0    DatetimePrecision=0    tableCLoneManageType=BYTES
ColumnName=mylongblob           DataType=longblob             Position=7    CharMaxLength=4294967295 NumericPrecisionM=0    NumericPrecisionD=0    DatetimePrecision=0    tableCLoneManageType=BYTES

	(1.2).create 'byte_types_mysql_m2m' in MYSQL
Create Table If Not Exists byte_types_mysql_4828966_temp(
mybit1 LONGTEXT
,mybit5 LONGTEXT
,mybinary LONGTEXT
,myvarbinary LONGTEXT
,myblob LONGTEXT
,mymediumblob LONGTEXT
,mylongblob LONGTEXT
)Engine InnoDB;
Create Table If Not Exists byte_types_mysql_m2m(
mybit1 bit(1)
,mybit5 bit(5)
,mybinary binary(255)
,myvarbinary varbinary(8126)
,myblob blob
,mymediumblob mediumblob
,mylongblob longblob
)Engine InnoDB;
	----create table total time spent:941

DataSourceType:MYSQL
CatalogName:null
SchemaName:null
TableName:byte_types_mysql_m2m
========== columns info =============
ColumnName=mybit1               DataType=bit(1)               Position=1    CharMaxLength=0          NumericPrecisionM=1    NumericPrecisionD=0    DatetimePrecision=0    tableCLoneManageType=BYTES
ColumnName=mybit5               DataType=bit(5)               Position=2    CharMaxLength=0          NumericPrecisionM=5    NumericPrecisionD=0    DatetimePrecision=0    tableCLoneManageType=BYTES
ColumnName=mybinary             DataType=binary(255)          Position=3    CharMaxLength=255        NumericPrecisionM=0    NumericPrecisionD=0    DatetimePrecision=0    tableCLoneManageType=BYTES
ColumnName=myvarbinary          DataType=varbinary(8126)      Position=4    CharMaxLength=8126       NumericPrecisionM=0    NumericPrecisionD=0    DatetimePrecision=0    tableCLoneManageType=BYTES
ColumnName=myblob               DataType=blob                 Position=5    CharMaxLength=65535      NumericPrecisionM=0    NumericPrecisionD=0    DatetimePrecision=0    tableCLoneManageType=BYTES
ColumnName=mymediumblob         DataType=mediumblob           Position=6    CharMaxLength=16777215   NumericPrecisionM=0    NumericPrecisionD=0    DatetimePrecision=0    tableCLoneManageType=BYTES
ColumnName=mylongblob           DataType=longblob             Position=7    CharMaxLength=4294967295 NumericPrecisionM=0    NumericPrecisionD=0    DatetimePrecision=0    tableCLoneManageType=BYTES
----initialization table success !!!


(2).Read to Sync table data, export MYSQL.byte_types_mysql ,load to MYSQL.byte_types_mysql_m2m

	  Excuet Shell : ./TCM-Temp/Export_from_MYSQL_byte_types_mysql_4828966_temp.sh
	 Shell Out:mysql: [Warning] Using a password on the command line interface can be insecure.
	 Shell Out:[33mWARNING: [0mUsing a password on the command line interface can be insecure.
	 Shell Out:Gathering information...
	 Shell Out:Preparing data dump for table `test_db`.`byte_types_mysql_4828966_temp`
	 Shell Out:Data dump for table `test_db`.`byte_types_mysql_4828966_temp` will not use an index
	 Shell Out:Running data dump using 1 thread.
	 Shell Out:Data dump for table `test_db`.`byte_types_mysql_4828966_temp` will be written to 1 file
	 Shell Out:Duration: 00:00:00s
	 Shell Out:Data size: 2.15 KB
	 Shell Out:Rows written: 4
	 Shell Out:Bytes written: 2.15 KB
	 Shell Out:Average throughput: 2.15 KB/s
	 Shell Out:
	 Shell Out:The dump can be loaded using:
	 Shell Out:util.importTable("./TCM-Temp/MYSQL_to_MYSQL_byte_types_mysql_m2m.csv", {
	 Shell Out:    "characterSet": "utf8mb4",
	 Shell Out:    "fieldsTerminatedBy": ",",
	 Shell Out:    "linesTerminatedBy": "\n",
	 Shell Out:    "schema": "test_db",
	 Shell Out:    "table": "byte_types_mysql_4828966_temp"
	 Shell Out:})
	----export table data total time spent:519

	  Excuet Shell : ./TCM-Temp/Load_to_MYSQL_byte_types_mysql_m2m.sh
	 Shell Out:mysql: [Warning] Using a password on the command line interface can be insecure.
	----load table data total time spent:24

----Sync the table success !!!!
Mapping Table and Syncing TableData table time:1855
