====  sourceConfig  ====
host:192.168.30.155
port:5432
username:'postgres'
password:''
dataSourceEnum:POSTGRES
databasename:test_db
url:jdbc:postgresql://192.168.30.155:5432/test_db

====  cloneConfig  ====
host:192.168.30.148
port:3306
username:'root'
password:'root'
dataSourceEnum:MYSQL
databasename:test_db
url:jdbc:mysql://192.168.30.148:3306/test_db?useSSL=false


(1).Read to initialization table in MYSQL ,from POSTGRES.binary_types_pgsql

	(1.1).get 'binary_types_pgsql' info from POSTGRES
	----get sourceTable info total time spent:236

DataSourceType:POSTGRES
CatalogName:test_db
SchemaName:public
TableName:binary_types_pgsql
========== columns info =============
ColumnName=pgbytea              DataType=bytea                Position=1    CharMaxLength=0          NumericPrecisionM=0    NumericPrecisionD=0    DatetimePrecision=0    tableCLoneManageType=BYTES

	(1.2).create 'binary_types_pgsql_p2m' in MYSQL
Create Table If Not Exists binary_types_pgsql_p2m(
pgbytea VARBINARY(1024)
)Engine InnoDB;
	----create table total time spent:778

DataSourceType:MYSQL
CatalogName:null
SchemaName:null
TableName:binary_types_pgsql_p2m
========== columns info =============
ColumnName=pgbytea              DataType=VARBINARY            Position=1    CharMaxLength=0          NumericPrecisionM=0    NumericPrecisionD=0    DatetimePrecision=0    tableCLoneManageType=BYTES
----initialization table success !!!


(2).Read to Sync table data, export POSTGRES.binary_types_pgsql ,load to MYSQL.binary_types_pgsql_p2m

	  Excuet Shell : ./TCM-Temp/Export_from_POSTGRES_binary_types_pgsql.sh
	 Shell Out:COPY 7
	----export table data total time spent:22

	  Excuet Shell : ./TCM-Temp/Load_to_MYSQL_binary_types_pgsql_p2m.sh
	 Shell Out:mysql: [Warning] Using a password on the command line interface can be insecure.
	----load table data total time spent:25

----Sync the table success !!!!
Mapping Table and Syncing TableData table time:1061
