====  sourceConfig  ====
host:192.168.30.155
port:5432
username:'postgres'
password:''
dataSourceType:POSTGRES
databasename:test_db
url:jdbc:postgresql://192.168.30.155:5432/test_db

====  cloneConfig  ====
host:192.168.30.155
port:5432
username:'postgres'
password:''
dataSourceType:POSTGRES
databasename:test_db
url:jdbc:postgresql://192.168.30.155:5432/test_db


(1).Read to initialization table in POSTGRES ,from POSTGRES.binary_types_pgsql

	(1.1).get 'binary_types_pgsql' info from POSTGRES
	----get sourceTable info total time spent:226

DataSourceType:POSTGRES
CatalogName:test_db
SchemaName:public
TableName:binary_types_pgsql
========== columns info =============
ColumnName=pgbytea              DataType=bytea                Position=1    CharMaxLength=0          NumericPrecisionM=0    NumericPrecisionD=0    DatetimePrecision=0    tableCLoneManageType=BYTES

	(1.2).create 'binary_types_pgsql_p2p' in POSTGRES
Create Table If Not Exists binary_types_pgsql_p2p(
pgbytea bytea
);
	----create table total time spent:385

DataSourceType:POSTGRES
CatalogName:null
SchemaName:null
TableName:binary_types_pgsql_p2p
========== columns info =============
ColumnName=pgbytea              DataType=bytea                Position=1    CharMaxLength=0          NumericPrecisionM=0    NumericPrecisionD=0    DatetimePrecision=0    tableCLoneManageType=BYTES
----initialization table success !!!


(2).Read to Sync table data, export POSTGRES.binary_types_pgsql ,load to POSTGRES.binary_types_pgsql_p2p

	  Excuet Shell : ./TCM-Temp/Export_from_POSTGRES_binary_types_pgsql.sh
	 Shell Out:COPY 7
	----export table data total time spent:21

	  Excuet Shell : ./TCM-Temp/Load_to_POSTGRES_binary_types_pgsql_p2p.sh
	 Shell Out:COPY 7
	----load table data total time spent:16

----Sync the table success !!!!
Mapping Table and Syncing TableData table time:648
