====  sourceConfig  ====
host:192.168.30.155
port:5432
username:'postgres'
password:''
dataSourceEnum:POSTGRES
databasename:test_db
url:jdbc:postgresql://192.168.30.155:5432/test_db

====  cloneConfig  ====
host:192.168.30.155
port:5432
username:'postgres'
password:''
dataSourceEnum:POSTGRES
databasename:test_db
url:jdbc:postgresql://192.168.30.155:5432/test_db


(1).Read to initialization table in POSTGRES ,from POSTGRES.character_types_pgsql

	(1.1).get 'character_types_pgsql' info from POSTGRES
	----get sourceTable info total time spent:237

DataSourceType:POSTGRES
CatalogName:test_db
SchemaName:public
TableName:character_types_pgsql
========== columns info =============
ColumnName=pgcharactervarying   DataType=character varying    Position=1    CharMaxLength=0          NumericPrecisionM=0    NumericPrecisionD=0    DatetimePrecision=0    tableCLoneManageType=STRING
ColumnName=pgvarchar            DataType=character varying    Position=2    CharMaxLength=0          NumericPrecisionM=0    NumericPrecisionD=0    DatetimePrecision=0    tableCLoneManageType=STRING
ColumnName=pgcharacter          DataType=character            Position=3    CharMaxLength=1          NumericPrecisionM=0    NumericPrecisionD=0    DatetimePrecision=0    tableCLoneManageType=STRING
ColumnName=pgchar               DataType=character            Position=4    CharMaxLength=1          NumericPrecisionM=0    NumericPrecisionD=0    DatetimePrecision=0    tableCLoneManageType=STRING
ColumnName=pgtext               DataType=text                 Position=5    CharMaxLength=0          NumericPrecisionM=0    NumericPrecisionD=0    DatetimePrecision=0    tableCLoneManageType=TEXT

	(1.2).create 'character_types_pgsql_p2p' in POSTGRES
Create Table If Not Exists character_types_pgsql_p2p(
pgcharactervarying character varying
,pgvarchar character varying
,pgcharacter character(1)
,pgchar character(1)
,pgtext text
);
	----create table total time spent:156

DataSourceType:POSTGRES
CatalogName:null
SchemaName:null
TableName:character_types_pgsql_p2p
========== columns info =============
ColumnName=pgcharactervarying   DataType=character varying    Position=1    CharMaxLength=0          NumericPrecisionM=0    NumericPrecisionD=0    DatetimePrecision=0    tableCLoneManageType=STRING
ColumnName=pgvarchar            DataType=character varying    Position=2    CharMaxLength=0          NumericPrecisionM=0    NumericPrecisionD=0    DatetimePrecision=0    tableCLoneManageType=STRING
ColumnName=pgcharacter          DataType=character            Position=3    CharMaxLength=1          NumericPrecisionM=0    NumericPrecisionD=0    DatetimePrecision=0    tableCLoneManageType=STRING
ColumnName=pgchar               DataType=character            Position=4    CharMaxLength=1          NumericPrecisionM=0    NumericPrecisionD=0    DatetimePrecision=0    tableCLoneManageType=STRING
ColumnName=pgtext               DataType=text                 Position=5    CharMaxLength=0          NumericPrecisionM=0    NumericPrecisionD=0    DatetimePrecision=0    tableCLoneManageType=TEXT
----initialization table success !!!


(2).Read to Sync table data, export POSTGRES.character_types_pgsql ,load to POSTGRES.character_types_pgsql_p2p

	  Excuet Shell : ./TCM-Temp/Export_from_POSTGRES_character_types_pgsql.sh
	 Shell Out:COPY 2
	----export table data total time spent:20

	  Excuet Shell : ./TCM-Temp/Load_to_POSTGRES_character_types_pgsql_p2p.sh
	 Shell Out:COPY 2
	----load table data total time spent:15

----Sync the table success !!!!
Mapping Table and Syncing TableData table time:428
